89 [info] init world:2310, 1380
274 [info] init canvas:2310, 1300
4959 [debug] -----------------
4959 [debug] load from url: http://localhost/~liangjie/impersonal/index.php/interpolation/get
4959 [debug] POST param:{vector={x:150.58228, y:54.34546, z:0.0}, orientation=340.1554, length=160.08888}
4983 [debug] send request
5048 [debug] loaded interpolation: 141
5181 [debug] command in queue:1
5181 [debug] command in queue:2
5182 [debug] -----------------
5182 [debug] load from url: http://localhost/~liangjie/impersonal/index.php/interpolation/get
5182 [debug] POST param:{vector={x:338.58032, y:-342.83734, z:0.0}, orientation=45.357937, length=481.84445}
5182 [debug] send request
5195 [debug] loaded interpolation: 178
5383 [debug] command in queue:3
5384 [debug] command in queue:4
5384 [debug] -----------------
5384 [debug] load from url: http://localhost/~liangjie/impersonal/index.php/interpolation/get
5384 [debug] POST param:{vector={x:-390.81042, y:140.89343, z:0.0}, orientation=199.82504, length=415.43198}
5384 [debug] send request
5397 [debug] loaded interpolation: 136
5583 [debug] command in queue:5
5583 [debug] command in queue:6
5583 [debug] -----------------
5583 [debug] load from url: http://localhost/~liangjie/impersonal/index.php/interpolation/get
5584 [debug] POST param:{vector={x:-23.26538, y:-172.79715, z:0.0}, orientation=97.66818, length=174.35634}
5584 [debug] send request
5601 [debug] loaded interpolation: 148
6007 [debug] command in queue:7
6007 [debug] command in queue:8
6007 [debug] -----------------
6008 [debug] load from url: http://localhost/~liangjie/impersonal/index.php/interpolation/get
6008 [debug] POST param:{vector={x:-36.776733, y:99.329956, z:0.0}, orientation=249.68301, length=105.91963}
6008 [debug] send request
6022 [debug] loaded interpolation: 153
6363 [debug] command in queue:9
6363 [debug] command in queue:10
6374 [debug] ----
6374 [debug] motion moveTo started
6374 [debug] move to 1939.1466, 1048.4117
8359 [debug] motion completed
8375 [debug] ----
8375 [debug] motion trace started
11883 [debug] trace completed
11900 [debug] ----
11900 [debug] motion moveTo started
11901 [debug] move to 1483.2443, -150.42609
13970 [debug] motion completed
13997 [debug] ----
13997 [debug] motion trace started
15810 [debug] trace completed
15826 [debug] ----
15826 [debug] motion moveTo started
15827 [debug] move to 1802.4437, 62.499844
16861 [debug] motion completed
16878 [debug] ----
16878 [debug] motion trace started
18283 [debug] trace completed
18298 [debug] ----
18298 [debug] motion moveTo started
18298 [debug] move to 1501.5361, -159.88478
18924 [debug] motion completed
18941 [debug] ----
18941 [debug] motion trace started
22376 [debug] trace completed
22393 [debug] ----
22393 [debug] motion moveTo started
22393 [debug] move to 727.4526, 1245.4789
25376 [debug] motion completed
25405 [debug] ----
25407 [debug] motion trace started
28811 [debug] trace completed
48453 [debug] -----------------
48453 [debug] load from url: http://localhost/~liangjie/impersonal/index.php/interpolation/get
48453 [debug] POST param:{vector={x:270.552, y:175.79327, z:0.0}, orientation=326.9859, length=322.6479}
48454 [debug] send request
48468 [debug] loaded interpolation: 134
48662 [debug] command in queue:1
48663 [debug] command in queue:2
48663 [debug] -----------------
48663 [debug] load from url: http://localhost/~liangjie/impersonal/index.php/interpolation/get
48663 [debug] POST param:{vector={x:143.06726, y:-368.12964, z:0.0}, orientation=68.76224, length=394.95276}
48663 [debug] send request
48676 [debug] loaded interpolation: 183
48795 [debug] command in queue:3
48795 [debug] command in queue:4
48795 [debug] -----------------
48795 [debug] load from url: http://localhost/~liangjie/impersonal/index.php/interpolation/get
48795 [debug] POST param:{vector={x:-303.818, y:-10.558472, z:0.0}, orientation=178.00963, length=304.0014}
48796 [debug] send request
48813 [debug] loaded interpolation: 182
49065 [debug] command in queue:5
49066 [debug] command in queue:6
49066 [debug] -----------------
49066 [debug] load from url: http://localhost/~liangjie/impersonal/index.php/interpolation/get
49066 [debug] POST param:{vector={x:-61.28882, y:-345.2019, z:0.0}, orientation=100.06766, length=350.60043}
49066 [debug] send request
49079 [debug] loaded interpolation: 148
49491 [debug] command in queue:7
49491 [debug] command in queue:8
49491 [debug] -----------------
49491 [debug] load from url: http://localhost/~liangjie/impersonal/index.php/interpolation/get
49491 [debug] POST param:{vector={x:34.321167, y:151.53784, z:0.0}, orientation=282.76138, length=155.37587}
49491 [debug] send request
49505 [debug] loaded interpolation: 138
49719 [debug] command in queue:9
49719 [debug] command in queue:10
49728 [debug] ----
49729 [debug] motion moveTo started
49729 [debug] move to 2154.2395, 489.46323
50135 [debug] motion completed
50155 [debug] ----
50155 [debug] motion trace started
51872 [debug] trace completed
51888 [debug] ----
51888 [debug] motion moveTo started
51888 [debug] move to 1589.6763, 821.2366
53191 [debug] motion completed
53208 [debug] ----
53208 [debug] motion trace started
54145 [debug] trace completed
54162 [debug] ----
54162 [debug] motion moveTo started
54163 [debug] move to 1318.1156, 1216.3427
54596 [debug] motion completed
54612 [debug] ----
54612 [debug] motion trace started
56556 [debug] trace completed
56573 [debug] ----
56573 [debug] motion moveTo started
56573 [debug] move to 2044.8774, -220.6066
58706 [debug] motion completed
58723 [debug] ----
58723 [debug] motion trace started
61948 [debug] trace completed
61965 [debug] ----
61965 [debug] motion moveTo started
61965 [debug] move to 1416.7404, 742.50287
63333 [debug] motion completed
63350 [debug] ----
63350 [debug] motion trace started
65073 [debug] trace completed
